<?xml version="1.0" encoding="UTF-8"?>
<!-- Generated by org.testng.reporters.JUnitXMLReporter -->
<testsuite ignored="0" hostname="LAP-0301" failures="1" tests="1" name="Test" time="390.388" errors="0" timestamp="2023-11-03T17:47:22 IST">
  <testcase classname="com.dentscribe.testCases.DS_026_RecordingTest" name="recordingTest" time="374.306">
    <failure type="java.lang.AssertionError" message="null">
      <![CDATA[java.lang.AssertionError: null
at com.dentscribe.testCases.DS_026_RecordingTest.recordingTest(DS_026_RecordingTest.java:84)
at java.base/java.util.ArrayList.forEach(ArrayList.java:1511)
... Removed 29 stack frames]]>
    </failure>
  </testcase> <!-- recordingTest -->
</testsuite> <!-- Test -->
