<?xml version="1.0" encoding="UTF-8"?>
<!-- Generated by org.testng.reporters.JUnitXMLReporter -->
<testsuite ignored="0" hostname="LAP-0301" failures="1" tests="9" name="Test" time="193.569" errors="0" timestamp="2023-12-27T18:35:57 IST">
  <testcase classname="com.dentscribe.testCases.TestSoapReportAndPatientProfilePage" name="verifyIsRecordingPageOpenedForExpectedPatient" time="73.296"/>
  <testcase classname="com.dentscribe.testCases.TestSoapReportAndPatientProfilePage" name="verifyBackIconRecordingPage" time="14.178"/>
  <testcase classname="com.dentscribe.testCases.TestSoapReportAndPatientProfilePage" name="verifyIsSoapReportCreated" time="73.031"/>
  <testcase classname="com.dentscribe.testCases.TestSoapReportAndPatientProfilePage" name="verifyEditIconSoapReport" time="0.236"/>
  <testcase classname="com.dentscribe.testCases.TestSoapReportAndPatientProfilePage" name="verifyEditSoapReportAndAddSignatureDuringEditableReport" time="15.155">
    <failure type="java.lang.AssertionError" message="null">
      <![CDATA[java.lang.AssertionError: null
at com.dentscribe.pages.SoapReportPage.clickAdoptSignature(SoapReportPage.java:83)
at com.dentscribe.testCases.TestSoapReportAndPatientProfilePage.verifyEditSoapReportAndAddSignatureDuringEditableReport(TestSoapReportAndPatientProfilePage.java:102)
at java.base/java.util.ArrayList.forEach(ArrayList.java:1511)
... Removed 29 stack frames]]>
    </failure>
  </testcase> <!-- verifyEditSoapReportAndAddSignatureDuringEditableReport -->
  <testcase classname="com.dentscribe.testCases.TestSoapReportAndPatientProfilePage" name="updateUserDetailsAndVerifySame" time="0.001">
    <skipped/>
  </testcase> <!-- updateUserDetailsAndVerifySame -->
  <testcase classname="com.dentscribe.testCases.TestSoapReportAndPatientProfilePage" name="verifyBackIconSoapReport" time="0.0">
    <skipped/>
  </testcase> <!-- verifyBackIconSoapReport -->
  <testcase classname="com.dentscribe.testCases.TestSoapReportAndPatientProfilePage" name="verifyPatientProfilePage" time="0.0">
    <skipped/>
  </testcase> <!-- verifyPatientProfilePage -->
  <testcase classname="com.dentscribe.testCases.TestSoapReportAndPatientProfilePage" name="verifyBackIconPatientProfilePage" time="0.0">
    <skipped/>
  </testcase> <!-- verifyBackIconPatientProfilePage -->
</testsuite> <!-- Test -->
