<?xml version="1.0" encoding="UTF-8"?>
<testng-results ignored="0" total="9" passed="7" failed="1" skipped="1">
  <reporter-output>
  </reporter-output>
  <suite started-at="2023-12-20T11:24:47 IST" name="Suite" finished-at="2023-12-20T11:32:03 IST" duration-ms="435915">
    <groups>
    </groups>
    <test started-at="2023-12-20T11:24:47 IST" name="Test" finished-at="2023-12-20T11:32:03 IST" duration-ms="435915">
      <class name="com.dentscribe.testCases.TestCreateUserBuyPaidPlanAndCancelPaidPlan">
        <test-method is-config="true" signature="launchApplication()[pri:0, instance:com.dentscribe.testCases.TestCreateUserBuyPaidPlanAndCancelPaidPlan@6d31f14]" started-at="2023-12-20T11:24:47 IST" name="launchApplication" finished-at="2023-12-20T11:25:03 IST" duration-ms="15878" status="PASS">
          <reporter-output>
          </reporter-output>
        </test-method> <!-- launchApplication -->
        <test-method signature="verifySignupNewUser()[pri:0, instance:com.dentscribe.testCases.TestCreateUserBuyPaidPlanAndCancelPaidPlan@6d31f14]" started-at="2023-12-20T11:25:03 IST" name="verifySignupNewUser" finished-at="2023-12-20T11:26:29 IST" duration-ms="85907" status="PASS">
          <reporter-output>
          </reporter-output>
        </test-method> <!-- verifySignupNewUser -->
        <test-method signature="verifyCreatePracticeInfo()[pri:1, instance:com.dentscribe.testCases.TestCreateUserBuyPaidPlanAndCancelPaidPlan@6d31f14]" started-at="2023-12-20T11:26:29 IST" name="verifyCreatePracticeInfo" finished-at="2023-12-20T11:27:47 IST" depends-on-methods="com.dentscribe.testCases.TestCreateUserBuyPaidPlanAndCancelPaidPlan.verifySignupNewUser" duration-ms="77969" status="PASS">
          <reporter-output>
          </reporter-output>
        </test-method> <!-- verifyCreatePracticeInfo -->
        <test-method signature="verifyWebViewRegistration()[pri:2, instance:com.dentscribe.testCases.TestCreateUserBuyPaidPlanAndCancelPaidPlan@6d31f14]" started-at="2023-12-20T11:27:47 IST" name="verifyWebViewRegistration" finished-at="2023-12-20T11:30:32 IST" depends-on-methods="com.dentscribe.testCases.TestCreateUserBuyPaidPlanAndCancelPaidPlan.verifyCreatePracticeInfo" duration-ms="164960" status="PASS">
          <reporter-output>
          </reporter-output>
        </test-method> <!-- verifyWebViewRegistration -->
        <test-method signature="verifySpuInstallPopupAndRefreshData()[pri:3, instance:com.dentscribe.testCases.TestCreateUserBuyPaidPlanAndCancelPaidPlan@6d31f14]" started-at="2023-12-20T11:30:32 IST" name="verifySpuInstallPopupAndRefreshData" finished-at="2023-12-20T11:30:38 IST" depends-on-methods="com.dentscribe.testCases.TestCreateUserBuyPaidPlanAndCancelPaidPlan.verifyWebViewRegistration" duration-ms="6218" status="PASS">
          <reporter-output>
          </reporter-output>
        </test-method> <!-- verifySpuInstallPopupAndRefreshData -->
        <test-method signature="verifyEulaAgreementPageAndAcceptAgreement()[pri:4, instance:com.dentscribe.testCases.TestCreateUserBuyPaidPlanAndCancelPaidPlan@6d31f14]" started-at="2023-12-20T11:30:38 IST" name="verifyEulaAgreementPageAndAcceptAgreement" finished-at="2023-12-20T11:30:57 IST" depends-on-methods="com.dentscribe.testCases.TestCreateUserBuyPaidPlanAndCancelPaidPlan.verifySpuInstallPopupAndRefreshData" duration-ms="18773" status="PASS">
          <reporter-output>
          </reporter-output>
        </test-method> <!-- verifyEulaAgreementPageAndAcceptAgreement -->
        <test-method signature="verifyCanUserBuyPaidPlan()[pri:5, instance:com.dentscribe.testCases.TestCreateUserBuyPaidPlanAndCancelPaidPlan@6d31f14]" started-at="2023-12-20T11:30:57 IST" name="verifyCanUserBuyPaidPlan" finished-at="2023-12-20T11:31:26 IST" depends-on-methods="com.dentscribe.testCases.TestCreateUserBuyPaidPlanAndCancelPaidPlan.verifyEulaAgreementPageAndAcceptAgreement" duration-ms="29581" status="PASS">
          <reporter-output>
          </reporter-output>
        </test-method> <!-- verifyCanUserBuyPaidPlan -->
        <test-method signature="verifyCanUserCancelSubscription()[pri:6, instance:com.dentscribe.testCases.TestCreateUserBuyPaidPlanAndCancelPaidPlan@6d31f14]" started-at="2023-12-20T11:31:26 IST" name="verifyCanUserCancelSubscription" finished-at="2023-12-20T11:31:38 IST" depends-on-methods="com.dentscribe.testCases.TestCreateUserBuyPaidPlanAndCancelPaidPlan.verifyCanUserBuyPaidPlan" duration-ms="11488" status="PASS">
          <reporter-output>
          </reporter-output>
        </test-method> <!-- verifyCanUserCancelSubscription -->
        <test-method signature="verifyCanUserUpdatePaymentMethod()[pri:7, instance:com.dentscribe.testCases.TestCreateUserBuyPaidPlanAndCancelPaidPlan@6d31f14]" started-at="2023-12-20T11:31:38 IST" name="verifyCanUserUpdatePaymentMethod" finished-at="2023-12-20T11:32:02 IST" depends-on-methods="com.dentscribe.testCases.TestCreateUserBuyPaidPlanAndCancelPaidPlan.verifyCanUserCancelSubscription" duration-ms="23809" status="FAIL">
          <exception class="org.openqa.selenium.NoSuchElementException">
            <message>
              <![CDATA[An element could not be located on the page using the given search parameters.
For documentation on this error, please visit: https://www.selenium.dev/documentation/webdriver/troubleshooting/errors#no-such-element-exception
Build info: version: '4.13.0', revision: 'ba948ece5b*'
System info: os.name: 'Windows 11', os.arch: 'amd64', os.version: '10.0', java.version: '17.0.4.1'
Driver info: io.appium.java_client.android.AndroidDriver
Command: [12beecc1-048c-48dd-8082-89be15aa78f6, findElement {using=-android uiautomator, value=new UiScrollable(new UiSelector()).scrollIntoView(text("Add Payment Method"));}]
Capabilities {appium:appActivity: com.dentscribe.dev.MainActi..., appium:appPackage: com.dentscribe.dev, appium:automationName: UIAutomator2, appium:databaseEnabled: false, appium:desired: {appActivity: com.dentscribe.dev.MainActi..., appPackage: com.dentscribe.dev, automationName: UIAutomator2, deviceName: 47544c4538573398, platformName: ANDROID}, appium:deviceApiLevel: 29, appium:deviceManufacturer: samsung, appium:deviceModel: SM-G960U, appium:deviceName: 47544c4538573398, appium:deviceScreenDensity: 450, appium:deviceScreenSize: 1080x2220, appium:deviceUDID: 47544c4538573398, appium:javascriptEnabled: true, appium:locationContextEnabled: false, appium:networkConnectionEnabled: true, appium:pixelRatio: 2.8125, appium:platformVersion: 10, appium:statBarHeight: 68, appium:takesScreenshot: true, appium:viewportRect: {height: 2017, left: 0, top: 68, width: 1080}, appium:warnings: {}, appium:webStorageEnabled: false, platformName: ANDROID}
Session ID: 12beecc1-048c-48dd-8082-89be15aa78f6]]>
            </message>
            <full-stacktrace>
              <![CDATA[org.openqa.selenium.NoSuchElementException: An element could not be located on the page using the given search parameters.
For documentation on this error, please visit: https://www.selenium.dev/documentation/webdriver/troubleshooting/errors#no-such-element-exception
Build info: version: '4.13.0', revision: 'ba948ece5b*'
System info: os.name: 'Windows 11', os.arch: 'amd64', os.version: '10.0', java.version: '17.0.4.1'
Driver info: io.appium.java_client.android.AndroidDriver
Command: [12beecc1-048c-48dd-8082-89be15aa78f6, findElement {using=-android uiautomator, value=new UiScrollable(new UiSelector()).scrollIntoView(text("Add Payment Method"));}]
Capabilities {appium:appActivity: com.dentscribe.dev.MainActi..., appium:appPackage: com.dentscribe.dev, appium:automationName: UIAutomator2, appium:databaseEnabled: false, appium:desired: {appActivity: com.dentscribe.dev.MainActi..., appPackage: com.dentscribe.dev, automationName: UIAutomator2, deviceName: 47544c4538573398, platformName: ANDROID}, appium:deviceApiLevel: 29, appium:deviceManufacturer: samsung, appium:deviceModel: SM-G960U, appium:deviceName: 47544c4538573398, appium:deviceScreenDensity: 450, appium:deviceScreenSize: 1080x2220, appium:deviceUDID: 47544c4538573398, appium:javascriptEnabled: true, appium:locationContextEnabled: false, appium:networkConnectionEnabled: true, appium:pixelRatio: 2.8125, appium:platformVersion: 10, appium:statBarHeight: 68, appium:takesScreenshot: true, appium:viewportRect: {height: 2017, left: 0, top: 68, width: 1080}, appium:warnings: {}, appium:webStorageEnabled: false, platformName: ANDROID}
Session ID: 12beecc1-048c-48dd-8082-89be15aa78f6
at java.base/jdk.internal.reflect.NativeConstructorAccessorImpl.newInstance0(Native Method)
at java.base/jdk.internal.reflect.NativeConstructorAccessorImpl.newInstance(NativeConstructorAccessorImpl.java:77)
at java.base/jdk.internal.reflect.DelegatingConstructorAccessorImpl.newInstance(DelegatingConstructorAccessorImpl.java:45)
at java.base/java.lang.reflect.Constructor.newInstanceWithCaller(Constructor.java:499)
at java.base/java.lang.reflect.Constructor.newInstance(Constructor.java:480)
at org.openqa.selenium.remote.codec.w3c.W3CHttpResponseCodec.createException(W3CHttpResponseCodec.java:200)
at org.openqa.selenium.remote.codec.w3c.W3CHttpResponseCodec.decode(W3CHttpResponseCodec.java:133)
at org.openqa.selenium.remote.codec.w3c.W3CHttpResponseCodec.decode(W3CHttpResponseCodec.java:52)
at org.openqa.selenium.remote.HttpCommandExecutor.execute(HttpCommandExecutor.java:191)
at io.appium.java_client.remote.AppiumCommandExecutor.execute(AppiumCommandExecutor.java:250)
at org.openqa.selenium.remote.RemoteWebDriver.execute(RemoteWebDriver.java:602)
at org.openqa.selenium.remote.ElementLocation$ElementFinder$2.findElement(ElementLocation.java:165)
at org.openqa.selenium.remote.ElementLocation.findElement(ElementLocation.java:59)
at org.openqa.selenium.remote.RemoteWebDriver.findElement(RemoteWebDriver.java:359)
at org.openqa.selenium.remote.RemoteWebDriver.findElement(RemoteWebDriver.java:353)
at com.dentscribe.utils.AndroidActions.scrollToText(AndroidActions.java:38)
at com.dentscribe.pages.ManageSubscriptionPage.clickPaymentMethodButton(ManageSubscriptionPage.java:63)
at com.dentscribe.testCases.TestCreateUserBuyPaidPlanAndCancelPaidPlan.verifyCanUserUpdatePaymentMethod(TestCreateUserBuyPaidPlanAndCancelPaidPlan.java:207)
at java.base/jdk.internal.reflect.NativeMethodAccessorImpl.invoke0(Native Method)
at java.base/jdk.internal.reflect.NativeMethodAccessorImpl.invoke(NativeMethodAccessorImpl.java:77)
at java.base/jdk.internal.reflect.DelegatingMethodAccessorImpl.invoke(DelegatingMethodAccessorImpl.java:43)
at java.base/java.lang.reflect.Method.invoke(Method.java:568)
at org.testng.internal.MethodInvocationHelper.invokeMethod(MethodInvocationHelper.java:133)
at org.testng.internal.TestInvoker.invokeMethod(TestInvoker.java:598)
at org.testng.internal.TestInvoker.invokeTestMethod(TestInvoker.java:173)
at org.testng.internal.MethodRunner.runInSequence(MethodRunner.java:46)
at org.testng.internal.TestInvoker$MethodInvocationAgent.invoke(TestInvoker.java:824)
at org.testng.internal.TestInvoker.invokeTestMethods(TestInvoker.java:146)
at org.testng.internal.TestMethodWorker.invokeTestMethods(TestMethodWorker.java:146)
at org.testng.internal.TestMethodWorker.run(TestMethodWorker.java:128)
at java.base/java.util.ArrayList.forEach(ArrayList.java:1511)
at org.testng.TestRunner.privateRun(TestRunner.java:794)
at org.testng.TestRunner.run(TestRunner.java:596)
at org.testng.SuiteRunner.runTest(SuiteRunner.java:377)
at org.testng.SuiteRunner.runSequentially(SuiteRunner.java:371)
at org.testng.SuiteRunner.privateRun(SuiteRunner.java:332)
at org.testng.SuiteRunner.run(SuiteRunner.java:276)
at org.testng.SuiteRunnerWorker.runSuite(SuiteRunnerWorker.java:53)
at org.testng.SuiteRunnerWorker.run(SuiteRunnerWorker.java:96)
at org.testng.TestNG.runSuitesSequentially(TestNG.java:1212)
at org.testng.TestNG.runSuitesLocally(TestNG.java:1134)
at org.testng.TestNG.runSuites(TestNG.java:1063)
at org.testng.TestNG.run(TestNG.java:1031)
at org.testng.remote.AbstractRemoteTestNG.run(AbstractRemoteTestNG.java:115)
at org.testng.remote.RemoteTestNG.initAndRun(RemoteTestNG.java:251)
at org.testng.remote.RemoteTestNG.main(RemoteTestNG.java:77)
]]>
            </full-stacktrace>
          </exception> <!-- org.openqa.selenium.NoSuchElementException -->
          <reporter-output>
          </reporter-output>
        </test-method> <!-- verifyCanUserUpdatePaymentMethod -->
        <test-method signature="verifyCanUserBuyPaidPlanAgainAfterCancelOnce()[pri:9, instance:com.dentscribe.testCases.TestCreateUserBuyPaidPlanAndCancelPaidPlan@6d31f14]" started-at="2023-12-20T11:32:02 IST" name="verifyCanUserBuyPaidPlanAgainAfterCancelOnce" finished-at="2023-12-20T11:32:02 IST" depends-on-methods="com.dentscribe.testCases.TestCreateUserBuyPaidPlanAndCancelPaidPlan.verifyCanUserUpdatePaymentMethod" duration-ms="0" status="SKIP">
          <exception class="java.lang.Throwable">
            <message>
              <![CDATA[Method TestCreateUserBuyPaidPlanAndCancelPaidPlan.verifyCanUserBuyPaidPlanAgainAfterCancelOnce()[pri:9, instance:com.dentscribe.testCases.TestCreateUserBuyPaidPlanAndCancelPaidPlan@6d31f14] depends on not successfully finished methods]]>
            </message>
            <full-stacktrace>
              <![CDATA[java.lang.Throwable: Method TestCreateUserBuyPaidPlanAndCancelPaidPlan.verifyCanUserBuyPaidPlanAgainAfterCancelOnce()[pri:9, instance:com.dentscribe.testCases.TestCreateUserBuyPaidPlanAndCancelPaidPlan@6d31f14] depends on not successfully finished methods
at org.testng.internal.TestInvoker.invokeTestMethods(TestInvoker.java:102)
at org.testng.internal.TestMethodWorker.invokeTestMethods(TestMethodWorker.java:146)
at org.testng.internal.TestMethodWorker.run(TestMethodWorker.java:128)
at java.base/java.util.ArrayList.forEach(ArrayList.java:1511)
at org.testng.TestRunner.privateRun(TestRunner.java:794)
at org.testng.TestRunner.run(TestRunner.java:596)
at org.testng.SuiteRunner.runTest(SuiteRunner.java:377)
at org.testng.SuiteRunner.runSequentially(SuiteRunner.java:371)
at org.testng.SuiteRunner.privateRun(SuiteRunner.java:332)
at org.testng.SuiteRunner.run(SuiteRunner.java:276)
at org.testng.SuiteRunnerWorker.runSuite(SuiteRunnerWorker.java:53)
at org.testng.SuiteRunnerWorker.run(SuiteRunnerWorker.java:96)
at org.testng.TestNG.runSuitesSequentially(TestNG.java:1212)
at org.testng.TestNG.runSuitesLocally(TestNG.java:1134)
at org.testng.TestNG.runSuites(TestNG.java:1063)
at org.testng.TestNG.run(TestNG.java:1031)
at org.testng.remote.AbstractRemoteTestNG.run(AbstractRemoteTestNG.java:115)
at org.testng.remote.RemoteTestNG.initAndRun(RemoteTestNG.java:251)
at org.testng.remote.RemoteTestNG.main(RemoteTestNG.java:77)
]]>
            </full-stacktrace>
          </exception> <!-- java.lang.Throwable -->
          <reporter-output>
          </reporter-output>
        </test-method> <!-- verifyCanUserBuyPaidPlanAgainAfterCancelOnce -->
        <test-method is-config="true" signature="tearDown()[pri:0, instance:com.dentscribe.testCases.TestCreateUserBuyPaidPlanAndCancelPaidPlan@6d31f14]" started-at="2023-12-20T11:32:02 IST" name="tearDown" finished-at="2023-12-20T11:32:03 IST" duration-ms="557" status="PASS">
          <reporter-output>
          </reporter-output>
        </test-method> <!-- tearDown -->
      </class> <!-- com.dentscribe.testCases.TestCreateUserBuyPaidPlanAndCancelPaidPlan -->
    </test> <!-- Test -->
  </suite> <!-- Suite -->
</testng-results>
