<?xml version="1.0" encoding="UTF-8"?>
<testng-results ignored="0" total="9" passed="4" failed="1" skipped="4">
  <reporter-output>
  </reporter-output>
  <suite started-at="2023-12-27T18:32:43 IST" name="Suite" finished-at="2023-12-27T18:35:57 IST" duration-ms="193569">
    <groups>
    </groups>
    <test started-at="2023-12-27T18:32:43 IST" name="Test" finished-at="2023-12-27T18:35:57 IST" duration-ms="193569">
      <class name="com.dentscribe.testCases.TestSoapReportAndPatientProfilePage">
        <test-method is-config="true" signature="launchApplication()[pri:0, instance:com.dentscribe.testCases.TestSoapReportAndPatientProfilePage@65ef9a0a]" started-at="2023-12-27T18:32:43 IST" name="launchApplication" finished-at="2023-12-27T18:32:59 IST" duration-ms="16010" status="PASS">
          <reporter-output>
          </reporter-output>
        </test-method> <!-- launchApplication -->
        <test-method signature="verifyIsRecordingPageOpenedForExpectedPatient()[pri:1, instance:com.dentscribe.testCases.TestSoapReportAndPatientProfilePage@65ef9a0a]" started-at="2023-12-27T18:32:59 IST" name="verifyIsRecordingPageOpenedForExpectedPatient" finished-at="2023-12-27T18:34:12 IST" duration-ms="73296" status="PASS">
          <reporter-output>
          </reporter-output>
        </test-method> <!-- verifyIsRecordingPageOpenedForExpectedPatient -->
        <test-method signature="verifyBackIconRecordingPage()[pri:2, instance:com.dentscribe.testCases.TestSoapReportAndPatientProfilePage@65ef9a0a]" started-at="2023-12-27T18:34:12 IST" name="verifyBackIconRecordingPage" finished-at="2023-12-27T18:34:26 IST" depends-on-methods="com.dentscribe.testCases.TestSoapReportAndPatientProfilePage.verifyIsRecordingPageOpenedForExpectedPatient" duration-ms="14178" status="PASS">
          <reporter-output>
          </reporter-output>
        </test-method> <!-- verifyBackIconRecordingPage -->
        <test-method signature="verifyIsSoapReportCreated()[pri:3, instance:com.dentscribe.testCases.TestSoapReportAndPatientProfilePage@65ef9a0a]" started-at="2023-12-27T18:34:26 IST" name="verifyIsSoapReportCreated" finished-at="2023-12-27T18:35:39 IST" depends-on-methods="com.dentscribe.testCases.TestSoapReportAndPatientProfilePage.verifyBackIconRecordingPage" duration-ms="73031" status="PASS">
          <reporter-output>
          </reporter-output>
        </test-method> <!-- verifyIsSoapReportCreated -->
        <test-method signature="verifyEditIconSoapReport()[pri:4, instance:com.dentscribe.testCases.TestSoapReportAndPatientProfilePage@65ef9a0a]" started-at="2023-12-27T18:35:39 IST" name="verifyEditIconSoapReport" finished-at="2023-12-27T18:35:40 IST" depends-on-methods="com.dentscribe.testCases.TestSoapReportAndPatientProfilePage.verifyIsSoapReportCreated" duration-ms="236" status="PASS">
          <reporter-output>
          </reporter-output>
        </test-method> <!-- verifyEditIconSoapReport -->
        <test-method signature="verifyEditSoapReportAndAddSignatureDuringEditableReport()[pri:5, instance:com.dentscribe.testCases.TestSoapReportAndPatientProfilePage@65ef9a0a]" started-at="2023-12-27T18:35:40 IST" name="verifyEditSoapReportAndAddSignatureDuringEditableReport" finished-at="2023-12-27T18:35:55 IST" depends-on-methods="com.dentscribe.testCases.TestSoapReportAndPatientProfilePage.verifyEditIconSoapReport" duration-ms="15155" status="FAIL">
          <exception class="java.lang.AssertionError">
            <message>
              <![CDATA[null]]>
            </message>
            <full-stacktrace>
              <![CDATA[java.lang.AssertionError: null
at org.testng.Assert.fail(Assert.java:99)
at org.testng.Assert.fail(Assert.java:106)
at com.dentscribe.pages.SoapReportPage.clickAdoptSignature(SoapReportPage.java:83)
at com.dentscribe.testCases.TestSoapReportAndPatientProfilePage.verifyEditSoapReportAndAddSignatureDuringEditableReport(TestSoapReportAndPatientProfilePage.java:102)
at java.base/jdk.internal.reflect.NativeMethodAccessorImpl.invoke0(Native Method)
at java.base/jdk.internal.reflect.NativeMethodAccessorImpl.invoke(NativeMethodAccessorImpl.java:77)
at java.base/jdk.internal.reflect.DelegatingMethodAccessorImpl.invoke(DelegatingMethodAccessorImpl.java:43)
at java.base/java.lang.reflect.Method.invoke(Method.java:568)
at org.testng.internal.MethodInvocationHelper.invokeMethod(MethodInvocationHelper.java:133)
at org.testng.internal.TestInvoker.invokeMethod(TestInvoker.java:598)
at org.testng.internal.TestInvoker.invokeTestMethod(TestInvoker.java:173)
at org.testng.internal.MethodRunner.runInSequence(MethodRunner.java:46)
at org.testng.internal.TestInvoker$MethodInvocationAgent.invoke(TestInvoker.java:824)
at org.testng.internal.TestInvoker.invokeTestMethods(TestInvoker.java:146)
at org.testng.internal.TestMethodWorker.invokeTestMethods(TestMethodWorker.java:146)
at org.testng.internal.TestMethodWorker.run(TestMethodWorker.java:128)
at java.base/java.util.ArrayList.forEach(ArrayList.java:1511)
at org.testng.TestRunner.privateRun(TestRunner.java:794)
at org.testng.TestRunner.run(TestRunner.java:596)
at org.testng.SuiteRunner.runTest(SuiteRunner.java:377)
at org.testng.SuiteRunner.runSequentially(SuiteRunner.java:371)
at org.testng.SuiteRunner.privateRun(SuiteRunner.java:332)
at org.testng.SuiteRunner.run(SuiteRunner.java:276)
at org.testng.SuiteRunnerWorker.runSuite(SuiteRunnerWorker.java:53)
at org.testng.SuiteRunnerWorker.run(SuiteRunnerWorker.java:96)
at org.testng.TestNG.runSuitesSequentially(TestNG.java:1212)
at org.testng.TestNG.runSuitesLocally(TestNG.java:1134)
at org.testng.TestNG.runSuites(TestNG.java:1063)
at org.testng.TestNG.run(TestNG.java:1031)
at org.testng.remote.AbstractRemoteTestNG.run(AbstractRemoteTestNG.java:115)
at org.testng.remote.RemoteTestNG.initAndRun(RemoteTestNG.java:251)
at org.testng.remote.RemoteTestNG.main(RemoteTestNG.java:77)
]]>
            </full-stacktrace>
          </exception> <!-- java.lang.AssertionError -->
          <reporter-output>
          </reporter-output>
        </test-method> <!-- verifyEditSoapReportAndAddSignatureDuringEditableReport -->
        <test-method signature="updateUserDetailsAndVerifySame()[pri:6, instance:com.dentscribe.testCases.TestSoapReportAndPatientProfilePage@65ef9a0a]" started-at="2023-12-27T18:35:56 IST" name="updateUserDetailsAndVerifySame" finished-at="2023-12-27T18:35:56 IST" depends-on-methods="com.dentscribe.testCases.TestSoapReportAndPatientProfilePage.verifyEditSoapReportAndAddSignatureDuringEditableReport" duration-ms="1" status="SKIP">
          <exception class="java.lang.Throwable">
            <message>
              <![CDATA[Method TestSoapReportAndPatientProfilePage.updateUserDetailsAndVerifySame()[pri:6, instance:com.dentscribe.testCases.TestSoapReportAndPatientProfilePage@65ef9a0a] depends on not successfully finished methods]]>
            </message>
            <full-stacktrace>
              <![CDATA[java.lang.Throwable: Method TestSoapReportAndPatientProfilePage.updateUserDetailsAndVerifySame()[pri:6, instance:com.dentscribe.testCases.TestSoapReportAndPatientProfilePage@65ef9a0a] depends on not successfully finished methods
at org.testng.internal.TestInvoker.invokeTestMethods(TestInvoker.java:102)
at org.testng.internal.TestMethodWorker.invokeTestMethods(TestMethodWorker.java:146)
at org.testng.internal.TestMethodWorker.run(TestMethodWorker.java:128)
at java.base/java.util.ArrayList.forEach(ArrayList.java:1511)
at org.testng.TestRunner.privateRun(TestRunner.java:794)
at org.testng.TestRunner.run(TestRunner.java:596)
at org.testng.SuiteRunner.runTest(SuiteRunner.java:377)
at org.testng.SuiteRunner.runSequentially(SuiteRunner.java:371)
at org.testng.SuiteRunner.privateRun(SuiteRunner.java:332)
at org.testng.SuiteRunner.run(SuiteRunner.java:276)
at org.testng.SuiteRunnerWorker.runSuite(SuiteRunnerWorker.java:53)
at org.testng.SuiteRunnerWorker.run(SuiteRunnerWorker.java:96)
at org.testng.TestNG.runSuitesSequentially(TestNG.java:1212)
at org.testng.TestNG.runSuitesLocally(TestNG.java:1134)
at org.testng.TestNG.runSuites(TestNG.java:1063)
at org.testng.TestNG.run(TestNG.java:1031)
at org.testng.remote.AbstractRemoteTestNG.run(AbstractRemoteTestNG.java:115)
at org.testng.remote.RemoteTestNG.initAndRun(RemoteTestNG.java:251)
at org.testng.remote.RemoteTestNG.main(RemoteTestNG.java:77)
]]>
            </full-stacktrace>
          </exception> <!-- java.lang.Throwable -->
          <reporter-output>
          </reporter-output>
        </test-method> <!-- updateUserDetailsAndVerifySame -->
        <test-method signature="verifyBackIconSoapReport()[pri:7, instance:com.dentscribe.testCases.TestSoapReportAndPatientProfilePage@65ef9a0a]" started-at="2023-12-27T18:35:56 IST" name="verifyBackIconSoapReport" finished-at="2023-12-27T18:35:56 IST" depends-on-methods="com.dentscribe.testCases.TestSoapReportAndPatientProfilePage.updateUserDetailsAndVerifySame" duration-ms="0" status="SKIP">
          <exception class="java.lang.Throwable">
            <message>
              <![CDATA[Method TestSoapReportAndPatientProfilePage.verifyBackIconSoapReport()[pri:7, instance:com.dentscribe.testCases.TestSoapReportAndPatientProfilePage@65ef9a0a] depends on not successfully finished methods]]>
            </message>
            <full-stacktrace>
              <![CDATA[java.lang.Throwable: Method TestSoapReportAndPatientProfilePage.verifyBackIconSoapReport()[pri:7, instance:com.dentscribe.testCases.TestSoapReportAndPatientProfilePage@65ef9a0a] depends on not successfully finished methods
at org.testng.internal.TestInvoker.invokeTestMethods(TestInvoker.java:102)
at org.testng.internal.TestMethodWorker.invokeTestMethods(TestMethodWorker.java:146)
at org.testng.internal.TestMethodWorker.run(TestMethodWorker.java:128)
at java.base/java.util.ArrayList.forEach(ArrayList.java:1511)
at org.testng.TestRunner.privateRun(TestRunner.java:794)
at org.testng.TestRunner.run(TestRunner.java:596)
at org.testng.SuiteRunner.runTest(SuiteRunner.java:377)
at org.testng.SuiteRunner.runSequentially(SuiteRunner.java:371)
at org.testng.SuiteRunner.privateRun(SuiteRunner.java:332)
at org.testng.SuiteRunner.run(SuiteRunner.java:276)
at org.testng.SuiteRunnerWorker.runSuite(SuiteRunnerWorker.java:53)
at org.testng.SuiteRunnerWorker.run(SuiteRunnerWorker.java:96)
at org.testng.TestNG.runSuitesSequentially(TestNG.java:1212)
at org.testng.TestNG.runSuitesLocally(TestNG.java:1134)
at org.testng.TestNG.runSuites(TestNG.java:1063)
at org.testng.TestNG.run(TestNG.java:1031)
at org.testng.remote.AbstractRemoteTestNG.run(AbstractRemoteTestNG.java:115)
at org.testng.remote.RemoteTestNG.initAndRun(RemoteTestNG.java:251)
at org.testng.remote.RemoteTestNG.main(RemoteTestNG.java:77)
]]>
            </full-stacktrace>
          </exception> <!-- java.lang.Throwable -->
          <reporter-output>
          </reporter-output>
        </test-method> <!-- verifyBackIconSoapReport -->
        <test-method signature="verifyPatientProfilePage()[pri:8, instance:com.dentscribe.testCases.TestSoapReportAndPatientProfilePage@65ef9a0a]" started-at="2023-12-27T18:35:56 IST" name="verifyPatientProfilePage" finished-at="2023-12-27T18:35:56 IST" depends-on-methods="com.dentscribe.testCases.TestSoapReportAndPatientProfilePage.verifyBackIconSoapReport" duration-ms="0" status="SKIP">
          <exception class="java.lang.Throwable">
            <message>
              <![CDATA[Method TestSoapReportAndPatientProfilePage.verifyPatientProfilePage()[pri:8, instance:com.dentscribe.testCases.TestSoapReportAndPatientProfilePage@65ef9a0a] depends on not successfully finished methods]]>
            </message>
            <full-stacktrace>
              <![CDATA[java.lang.Throwable: Method TestSoapReportAndPatientProfilePage.verifyPatientProfilePage()[pri:8, instance:com.dentscribe.testCases.TestSoapReportAndPatientProfilePage@65ef9a0a] depends on not successfully finished methods
at org.testng.internal.TestInvoker.invokeTestMethods(TestInvoker.java:102)
at org.testng.internal.TestMethodWorker.invokeTestMethods(TestMethodWorker.java:146)
at org.testng.internal.TestMethodWorker.run(TestMethodWorker.java:128)
at java.base/java.util.ArrayList.forEach(ArrayList.java:1511)
at org.testng.TestRunner.privateRun(TestRunner.java:794)
at org.testng.TestRunner.run(TestRunner.java:596)
at org.testng.SuiteRunner.runTest(SuiteRunner.java:377)
at org.testng.SuiteRunner.runSequentially(SuiteRunner.java:371)
at org.testng.SuiteRunner.privateRun(SuiteRunner.java:332)
at org.testng.SuiteRunner.run(SuiteRunner.java:276)
at org.testng.SuiteRunnerWorker.runSuite(SuiteRunnerWorker.java:53)
at org.testng.SuiteRunnerWorker.run(SuiteRunnerWorker.java:96)
at org.testng.TestNG.runSuitesSequentially(TestNG.java:1212)
at org.testng.TestNG.runSuitesLocally(TestNG.java:1134)
at org.testng.TestNG.runSuites(TestNG.java:1063)
at org.testng.TestNG.run(TestNG.java:1031)
at org.testng.remote.AbstractRemoteTestNG.run(AbstractRemoteTestNG.java:115)
at org.testng.remote.RemoteTestNG.initAndRun(RemoteTestNG.java:251)
at org.testng.remote.RemoteTestNG.main(RemoteTestNG.java:77)
]]>
            </full-stacktrace>
          </exception> <!-- java.lang.Throwable -->
          <reporter-output>
          </reporter-output>
        </test-method> <!-- verifyPatientProfilePage -->
        <test-method signature="verifyBackIconPatientProfilePage()[pri:9, instance:com.dentscribe.testCases.TestSoapReportAndPatientProfilePage@65ef9a0a]" started-at="2023-12-27T18:35:56 IST" name="verifyBackIconPatientProfilePage" finished-at="2023-12-27T18:35:56 IST" depends-on-methods="com.dentscribe.testCases.TestSoapReportAndPatientProfilePage.verifyPatientProfilePage" duration-ms="0" status="SKIP">
          <exception class="java.lang.Throwable">
            <message>
              <![CDATA[Method TestSoapReportAndPatientProfilePage.verifyBackIconPatientProfilePage()[pri:9, instance:com.dentscribe.testCases.TestSoapReportAndPatientProfilePage@65ef9a0a] depends on not successfully finished methods]]>
            </message>
            <full-stacktrace>
              <![CDATA[java.lang.Throwable: Method TestSoapReportAndPatientProfilePage.verifyBackIconPatientProfilePage()[pri:9, instance:com.dentscribe.testCases.TestSoapReportAndPatientProfilePage@65ef9a0a] depends on not successfully finished methods
at org.testng.internal.TestInvoker.invokeTestMethods(TestInvoker.java:102)
at org.testng.internal.TestMethodWorker.invokeTestMethods(TestMethodWorker.java:146)
at org.testng.internal.TestMethodWorker.run(TestMethodWorker.java:128)
at java.base/java.util.ArrayList.forEach(ArrayList.java:1511)
at org.testng.TestRunner.privateRun(TestRunner.java:794)
at org.testng.TestRunner.run(TestRunner.java:596)
at org.testng.SuiteRunner.runTest(SuiteRunner.java:377)
at org.testng.SuiteRunner.runSequentially(SuiteRunner.java:371)
at org.testng.SuiteRunner.privateRun(SuiteRunner.java:332)
at org.testng.SuiteRunner.run(SuiteRunner.java:276)
at org.testng.SuiteRunnerWorker.runSuite(SuiteRunnerWorker.java:53)
at org.testng.SuiteRunnerWorker.run(SuiteRunnerWorker.java:96)
at org.testng.TestNG.runSuitesSequentially(TestNG.java:1212)
at org.testng.TestNG.runSuitesLocally(TestNG.java:1134)
at org.testng.TestNG.runSuites(TestNG.java:1063)
at org.testng.TestNG.run(TestNG.java:1031)
at org.testng.remote.AbstractRemoteTestNG.run(AbstractRemoteTestNG.java:115)
at org.testng.remote.RemoteTestNG.initAndRun(RemoteTestNG.java:251)
at org.testng.remote.RemoteTestNG.main(RemoteTestNG.java:77)
]]>
            </full-stacktrace>
          </exception> <!-- java.lang.Throwable -->
          <reporter-output>
          </reporter-output>
        </test-method> <!-- verifyBackIconPatientProfilePage -->
        <test-method is-config="true" signature="tearDown()[pri:0, instance:com.dentscribe.testCases.TestSoapReportAndPatientProfilePage@65ef9a0a]" started-at="2023-12-27T18:35:56 IST" name="tearDown" finished-at="2023-12-27T18:35:57 IST" duration-ms="553" status="PASS">
          <reporter-output>
          </reporter-output>
        </test-method> <!-- tearDown -->
      </class> <!-- com.dentscribe.testCases.TestSoapReportAndPatientProfilePage -->
    </test> <!-- Test -->
  </suite> <!-- Suite -->
</testng-results>
